0 silly argv {
0 silly argv   _: [ 'add' ],
0 silly argv   scope: '@cc-cli/core',
0 silly argv   dev: true,
0 silly argv   D: true,
0 silly argv   globs: [],
0 silly argv   lernaVersion: '6.5.1',
0 silly argv   '$0': '/Users/cai/Desktop/code/node_modules/.bin/lerna',
0 silly argv   pkg: '@cc-cli/utils'
0 silly argv }
1 notice cli v6.5.1
2 verbose rootPath /Users/cai/Desktop/code/cc-cli
3 notice filter including "@cc-cli/core"
4 info filter [ '@cc-cli/core' ]
5 error TypeError: Invalid comparator: file../utils
5 error     at Comparator.parse (/Users/cai/Desktop/code/node_modules/semver/classes/comparator.js:37:13)
5 error     at new Comparator (/Users/cai/Desktop/code/node_modules/semver/classes/comparator.js:21:10)
5 error     at /Users/cai/Desktop/code/node_modules/semver/classes/range.js:121:20
5 error     at Array.map (<anonymous>)
5 error     at Range.parseRange (/Users/cai/Desktop/code/node_modules/semver/classes/range.js:121:8)
5 error     at /Users/cai/Desktop/code/node_modules/semver/classes/range.js:34:26
5 error     at Array.map (<anonymous>)
5 error     at new Range (/Users/cai/Desktop/code/node_modules/semver/classes/range.js:34:8)
5 error     at Object.intersects (/Users/cai/Desktop/code/node_modules/semver/ranges/intersects.js:3:8)
